<?xml version="1.0" encoding="UTF-8"?>
<testng-results skipped="0" failed="0" ignored="0" total="4" passed="4">
  <reporter-output>
  </reporter-output>
  <suite name="Suite" duration-ms="55" started-at="2020-04-18T21:19:00 IST" finished-at="2020-04-18T21:19:00 IST">
    <groups>
    </groups>
    <test name="Test" duration-ms="55" started-at="2020-04-18T21:19:00 IST" finished-at="2020-04-18T21:19:00 IST">
      <class name="qaclickacademy.AppiumTest">
        <test-method status="PASS" signature="IOSApps()[pri:0, instance:qaclickacademy.AppiumTest@17579e0f]" name="IOSApps" duration-ms="10" started-at="2020-04-18T21:19:00 IST" finished-at="2020-04-18T21:19:00 IST">
          <reporter-output>
          </reporter-output>
        </test-method> <!-- IOSApps -->
        <test-method status="PASS" signature="NativeAppAndroid()[pri:0, instance:qaclickacademy.AppiumTest@17579e0f]" name="NativeAppAndroid" duration-ms="1" started-at="2020-04-18T21:19:00 IST" finished-at="2020-04-18T21:19:00 IST">
          <reporter-output>
          </reporter-output>
        </test-method> <!-- NativeAppAndroid -->
      </class> <!-- qaclickacademy.AppiumTest -->
      <class name="qaclickacademy.SeleniumTest">
        <test-method status="PASS" signature="BrowserAutomation()[pri:0, instance:qaclickacademy.SeleniumTest@4d41cee]" name="BrowserAutomation" duration-ms="1" started-at="2020-04-18T21:19:00 IST" finished-at="2020-04-18T21:19:00 IST">
          <reporter-output>
          </reporter-output>
        </test-method> <!-- BrowserAutomation -->
        <test-method status="PASS" signature="elementsUI()[pri:0, instance:qaclickacademy.SeleniumTest@4d41cee]" name="elementsUI" duration-ms="2" started-at="2020-04-18T21:19:00 IST" finished-at="2020-04-18T21:19:00 IST">
          <reporter-output>
          </reporter-output>
        </test-method> <!-- elementsUI -->
      </class> <!-- qaclickacademy.SeleniumTest -->
    </test> <!-- Test -->
  </suite> <!-- Suite -->
</testng-results>
